<?xml version="1.0" encoding="UTF-8"?>
<!-- Generated by org.testng.reporters.JUnitReportReporter -->
<testsuite hostname="A_Device" failures="0" tests="4" name="selenium_interviewprep.CrossBrowserTesting" time="11.532" errors="0" timestamp="2024-05-12T11:45:47 PDT" skipped="0">
  <testcase classname="selenium_interviewprep.CrossBrowserTesting" name="test02" time="3.376"/>
  <testcase classname="selenium_interviewprep.CrossBrowserTesting" name="test01" time="1.297"/>
  <testcase classname="selenium_interviewprep.CrossBrowserTesting" name="test01" time="1.488"/>
  <testcase classname="selenium_interviewprep.CrossBrowserTesting" name="test02" time="5.371"/>
</testsuite> <!-- selenium_interviewprep.CrossBrowserTesting -->
