<?xml version="1.0" encoding="UTF-8"?>
<!-- Generated by org.testng.reporters.JUnitReportReporter -->
<testsuite hostname="A_Device" failures="0" tests="3" name="testNG.TestDataThroughDataProvider" time="6.708" errors="0" timestamp="2024-02-11T12:07:11 PST" skipped="0">
  <testcase classname="testNG.TestDataThroughDataProvider" name="loginData" time="1.925"/>
  <testcase classname="testNG.TestDataThroughDataProvider" name="loginData" time="1.851"/>
  <testcase classname="testNG.TestDataThroughDataProvider" name="loginData" time="2.932"/>
</testsuite> <!-- testNG.TestDataThroughDataProvider -->
