<?xml version="1.0" encoding="UTF-8"?>
<!-- Generated by org.testng.reporters.JUnitReportReporter -->
<testsuite hostname="A_Device" failures="0" tests="2" name="testNG.TestNGAnnotations" time="7.074" errors="0" timestamp="2024-02-11T10:13:22 PST" skipped="0">
  <testcase classname="testNG.TestNGAnnotations" name="TC03" time="2.174"/>
  <testcase classname="testNG.TestNGAnnotations" name="TC01" time="4.900"/>
</testsuite> <!-- testNG.TestNGAnnotations -->
