<?xml version="1.0" encoding="UTF-8"?>
<!-- Generated by org.testng.reporters.JUnitReportReporter -->
<testsuite hostname="A_Device" failures="0" tests="1" name="testNG.Parameterization" time="6.954" errors="0" timestamp="2024-02-09T17:50:40 PST" skipped="0">
  <testcase classname="testNG.Parameterization" name="launchapp" time="6.954"/>
</testsuite> <!-- testNG.Parameterization -->
